<?xml version="1.0" encoding="UTF-8"?>
<!-- Generated by org.testng.reporters.JUnitReportReporter -->
<testsuite hostname="ESS-549" failures="0" tests="4" name="testcase.ProjectDashboard" time="42.250" errors="0" timestamp="2023-03-08T11:22:08 EST" skipped="0">
  <testcase classname="testcase.ProjectDashboard" name="LoginTest" time="20.464"/>
  <system-out/>
  <testcase classname="testcase.ProjectDashboard" name="continueTesting" time="10.967"/>
  <system-out/>
  <testcase classname="testcase.ProjectDashboard" name="projectDashboard" time="9.035"/>
  <system-out/>
  <testcase classname="testcase.ProjectDashboard" name="systemActivityTracker" time="1.784"/>
  <system-out/>
</testsuite> <!-- testcase.ProjectDashboard -->
