<?xml version="1.0" encoding="UTF-8"?>
<!-- Generated by org.testng.reporters.JUnitReportReporter -->
<testsuite hostname="ESS-549" failures="0" tests="2" name="testcase.roleAccess$PimsAdmin" time="44.403" errors="0" timestamp="2023-03-15T16:09:30 EDT" skipped="0">
  <testcase classname="testcase.roleAccess$PimsAdmin" name="LoginTest" time="19.059"/>
  <system-out/>
  <testcase classname="testcase.roleAccess$PimsAdmin" name="switchingPims" time="25.344"/>
  <system-out/>
</testsuite> <!-- testcase.roleAccess$PimsAdmin -->
